Network: N_E=1050  N_I=64  n_total=1114  E_in=[0,784)  E_out=[1040,1050)
Sim: T=200.0ms  dt=1.0ms  steps=200  burn_in=0.0ms (0 steps)
Training method: e-prop (eligibility propagation)
Trainable params: 1,236,900  total: 1,236,900  (all weights trained via e-prop)
State pre-built: N=1114  B=64  buf_len=2  device=cuda
  0%|          | 0.00/9.91M [00:00<?, ?B/s]  1%|          | 98.3k/9.91M [00:00<00:13, 752kB/s]  4%|4         | 426k/9.91M [00:00<00:05, 1.74MB/s] 17%|#7        | 1.70M/9.91M [00:00<00:01, 5.26MB/s] 47%|####7     | 4.69M/9.91M [00:00<00:00, 11.9MB/s] 84%|########4 | 8.36M/9.91M [00:00<00:00, 17.3MB/s]100%|##########| 9.91M/9.91M [00:00<00:00, 14.4MB/s]
  0%|          | 0.00/28.9k [00:00<?, ?B/s]100%|##########| 28.9k/28.9k [00:00<00:00, 433kB/s]
  0%|          | 0.00/1.65M [00:00<?, ?B/s]  4%|3         | 65.5k/1.65M [00:00<00:03, 488kB/s] 18%|#7        | 295k/1.65M [00:00<00:01, 1.21MB/s] 72%|#######1  | 1.18M/1.65M [00:00<00:00, 3.68MB/s]100%|##########| 1.65M/1.65M [00:00<00:00, 4.01MB/s]
  0%|          | 0.00/4.54k [00:00<?, ?B/s]100%|##########| 4.54k/4.54k [00:00<00:00, 3.58MB/s]
Training on 20000 samples, evaluating on 5000 samples

============================================================
Epoch 1/10
  [  0.3%] batch    0/312  loss: 2.8350  acc: 9.4%  30.4 samp/s  33 ms/samp  ETA: 655s
  [ 10.2%] batch   31/312  loss: 2.8942  acc: 9.4%  67.7 samp/s  14 ms/samp  ETA: 265s
  [ 20.2%] batch   62/312  loss: 2.5647  acc: 17.2%  69.6 samp/s  14 ms/samp  ETA: 229s
  [ 30.1%] batch   93/312  loss: 2.3855  acc: 14.1%  69.9 samp/s  14 ms/samp  ETA: 200s
  [ 40.0%] batch  124/312  loss: 2.2266  acc: 17.2%  70.4 samp/s  14 ms/samp  ETA: 170s
  [ 49.9%] batch  155/312  loss: 2.7480  acc: 21.9%  70.6 samp/s  14 ms/samp  ETA: 142s
  [ 59.8%] batch  186/312  loss: 2.2058  acc: 18.8%  70.5 samp/s  14 ms/samp  ETA: 114s
  [ 69.8%] batch  217/312  loss: 2.2931  acc: 15.6%  70.7 samp/s  14 ms/samp  ETA: 86s
  [ 79.7%] batch  248/312  loss: 2.2921  acc: 25.0%  70.9 samp/s  14 ms/samp  ETA: 57s
  [ 89.6%] batch  279/312  loss: 2.1952  acc: 31.2%  71.0 samp/s  14 ms/samp  ETA: 29s
  [ 99.5%] batch  310/312  loss: 2.2927  acc: 23.4%  70.5 samp/s  14 ms/samp  ETA: 1s
  [100.0%] batch  312/312  loss: 2.6990  acc: 12.5%  70.4 samp/s  28 ms/samp  ETA: 0s
  train done in 283.9s  avg loss: 2.5491
  evaluating 5000 samples...
  eval done in 37.5s  (133.4 samp/s)
  EPOCH 1/10  train_loss=2.5491  test_loss=2.3166  acc=28.6%  lr=1.00e-04  epoch_time=321s  ETA=2893s  total=321s
  Checkpoint saved → /root/artifacts/study.16-e-prop/cc702163/checkpoint.pt

============================================================
Epoch 2/10
  [  0.3%] batch    0/312  loss: 2.1736  acc: 26.6%  62.0 samp/s  16 ms/samp  ETA: 321s
  [ 10.2%] batch   31/312  loss: 0.8686  acc: 90.6%  71.1 samp/s  13 ms/samp  ETA: 253s
  [ 20.2%] batch   62/312  loss: 1.2933  acc: 84.4%  71.9 samp/s  13 ms/samp  ETA: 222s
  [ 30.1%] batch   93/312  loss: 0.8801  acc: 89.1%  72.7 samp/s  13 ms/samp  ETA: 192s
  [ 40.0%] batch  124/312  loss: 0.6163  acc: 84.4%  72.9 samp/s  14 ms/samp  ETA: 165s
  [ 49.9%] batch  155/312  loss: 0.8846  acc: 78.1%  73.0 samp/s  13 ms/samp  ETA: 137s
  [ 59.8%] batch  186/312  loss: 0.5318  acc: 85.9%  73.2 samp/s  14 ms/samp  ETA: 110s
  [ 69.8%] batch  217/312  loss: 0.5847  acc: 87.5%  72.9 samp/s  14 ms/samp  ETA: 83s
  [ 79.7%] batch  248/312  loss: 0.5009  acc: 87.5%  71.7 samp/s  14 ms/samp  ETA: 57s
  [ 89.6%] batch  279/312  loss: 0.6035  acc: 87.5%  71.4 samp/s  14 ms/samp  ETA: 29s
  [ 99.5%] batch  310/312  loss: 0.3456  acc: 92.2%  71.7 samp/s  13 ms/samp  ETA: 1s
  [100.0%] batch  312/312  loss: 0.4138  acc: 90.6%  71.6 samp/s  25 ms/samp  ETA: 0s
  train done in 279.4s  avg loss: 0.7586
  evaluating 5000 samples...
  eval done in 31.0s  (161.1 samp/s)
  EPOCH 2/10  train_loss=0.7586  test_loss=0.6125  acc=85.4%  lr=9.70e-05  epoch_time=310s  ETA=2484s  total=636s
  Checkpoint saved → /root/artifacts/study.16-e-prop/cc702163/checkpoint.pt

============================================================
Epoch 3/10
  [  0.3%] batch    0/312  loss: 0.4727  acc: 90.6%  72.5 samp/s  14 ms/samp  ETA: 275s
  [ 10.2%] batch   31/312  loss: 0.4631  acc: 92.2%  74.3 samp/s  14 ms/samp  ETA: 242s
  [ 20.2%] batch   62/312  loss: 0.5019  acc: 87.5%  73.3 samp/s  13 ms/samp  ETA: 218s
  [ 30.1%] batch   93/312  loss: 0.6412  acc: 87.5%  73.0 samp/s  14 ms/samp  ETA: 192s
  [ 40.0%] batch  124/312  loss: 0.8096  acc: 84.4%  72.8 samp/s  14 ms/samp  ETA: 165s
  [ 49.9%] batch  155/312  loss: 0.7390  acc: 92.2%  73.1 samp/s  13 ms/samp  ETA: 137s
  [ 59.8%] batch  186/312  loss: 0.5009  acc: 95.3%  73.3 samp/s  13 ms/samp  ETA: 110s
  [ 69.8%] batch  217/312  loss: 0.7747  acc: 92.2%  73.2 samp/s  13 ms/samp  ETA: 83s
  [ 79.7%] batch  248/312  loss: 0.6183  acc: 92.2%  73.4 samp/s  13 ms/samp  ETA: 55s
  [ 89.6%] batch  279/312  loss: 0.5910  acc: 92.2%  73.4 samp/s  15 ms/samp  ETA: 28s
  [ 99.5%] batch  310/312  loss: 0.4274  acc: 92.2%  73.1 samp/s  14 ms/samp  ETA: 1s
  [100.0%] batch  312/312  loss: 0.7051  acc: 81.2%  73.0 samp/s  24 ms/samp  ETA: 0s
  train done in 274.0s  avg loss: 0.6469
  evaluating 5000 samples...
  eval done in 31.0s  (161.3 samp/s)
  EPOCH 3/10  train_loss=0.6469  test_loss=0.9449  acc=84.8%  lr=8.83e-05  epoch_time=305s  ETA=2135s  total=944s
  Checkpoint saved → /root/artifacts/study.16-e-prop/cc702163/checkpoint.pt

============================================================
Epoch 4/10
  [  0.3%] batch    0/312  loss: 0.8799  acc: 92.2%  64.8 samp/s  15 ms/samp  ETA: 308s
  [ 10.2%] batch   31/312  loss: 0.7625  acc: 85.9%  72.4 samp/s  14 ms/samp  ETA: 248s
  [ 20.2%] batch   62/312  loss: 0.3096  acc: 93.8%  71.9 samp/s  15 ms/samp  ETA: 222s
  [ 30.1%] batch   93/312  loss: 0.5568  acc: 89.1%  71.5 samp/s  14 ms/samp  ETA: 196s
  [ 40.0%] batch  124/312  loss: 0.7312  acc: 92.2%  70.9 samp/s  15 ms/samp  ETA: 169s
  [ 49.9%] batch  155/312  loss: 0.5451  acc: 95.3%  69.4 samp/s  18 ms/samp  ETA: 144s
  [ 59.8%] batch  186/312  loss: 1.0236  acc: 87.5%  69.2 samp/s  14 ms/samp  ETA: 116s
  [ 69.8%] batch  217/312  loss: 0.6649  acc: 93.8%  68.7 samp/s  15 ms/samp  ETA: 88s
  [ 79.7%] batch  248/312  loss: 0.5517  acc: 92.2%  68.5 samp/s  15 ms/samp  ETA: 59s
  [ 89.6%] batch  279/312  loss: 0.4587  acc: 96.9%  68.5 samp/s  14 ms/samp  ETA: 30s
  [ 99.5%] batch  310/312  loss: 0.6446  acc: 90.6%  68.6 samp/s  14 ms/samp  ETA: 1s
  [100.0%] batch  312/312  loss: 0.5591  acc: 93.8%  68.6 samp/s  25 ms/samp  ETA: 0s
  train done in 291.7s  avg loss: 0.5848
  evaluating 5000 samples...
  eval done in 36.0s  (138.9 samp/s)
  EPOCH 4/10  train_loss=0.5848  test_loss=0.7558  acc=86.6%  lr=7.50e-05  epoch_time=328s  ETA=1966s  total=1275s
  Checkpoint saved → /root/artifacts/study.16-e-prop/cc702163/checkpoint.pt

============================================================
Epoch 5/10
  [  0.3%] batch    0/312  loss: 0.5385  acc: 92.2%  58.5 samp/s  17 ms/samp  ETA: 341s
  [ 10.2%] batch   31/312  loss: 0.7020  acc: 93.8%  65.5 samp/s  14 ms/samp  ETA: 274s
  [ 20.2%] batch   62/312  loss: 0.2288  acc: 98.4%  66.9 samp/s  14 ms/samp  ETA: 239s
  [ 30.1%] batch   93/312  loss: 0.3874  acc: 95.3%  67.7 samp/s  14 ms/samp  ETA: 206s
  [ 40.0%] batch  124/312  loss: 0.5053  acc: 92.2%  67.9 samp/s  15 ms/samp  ETA: 177s
  [ 49.9%] batch  155/312  loss: 0.3249  acc: 96.9%  67.6 samp/s  14 ms/samp  ETA: 148s
  [ 59.8%] batch  186/312  loss: 0.3565  acc: 90.6%  67.9 samp/s  14 ms/samp  ETA: 118s
  [ 69.8%] batch  217/312  loss: 0.3962  acc: 92.2%  68.3 samp/s  13 ms/samp  ETA: 89s
  [ 79.7%] batch  248/312  loss: 0.3618  acc: 96.9%  68.7 samp/s  14 ms/samp  ETA: 59s
  [ 89.6%] batch  279/312  loss: 0.4916  acc: 87.5%  68.9 samp/s  14 ms/samp  ETA: 30s
  [ 99.5%] batch  310/312  loss: 0.6939  acc: 87.5%  69.3 samp/s  14 ms/samp  ETA: 1s
  [100.0%] batch  312/312  loss: 0.6778  acc: 93.8%  69.2 samp/s  25 ms/samp  ETA: 0s
  train done in 289.0s  avg loss: 0.4935
  evaluating 5000 samples...
  eval done in 31.4s  (159.5 samp/s)
  EPOCH 5/10  train_loss=0.4935  test_loss=0.7277  acc=86.8%  lr=5.87e-05  epoch_time=320s  ETA=1602s  total=1598s
  Checkpoint saved → /root/artifacts/study.16-e-prop/cc702163/checkpoint.pt

============================================================
Epoch 6/10
  [  0.3%] batch    0/312  loss: 0.4400  acc: 92.2%  70.2 samp/s  14 ms/samp  ETA: 284s
  [ 10.2%] batch   31/312  loss: 0.3004  acc: 93.8%  72.4 samp/s  13 ms/samp  ETA: 248s
  [ 20.2%] batch   62/312  loss: 0.3219  acc: 93.8%  73.0 samp/s  13 ms/samp  ETA: 219s
  [ 30.1%] batch   93/312  loss: 0.4390  acc: 95.3%  73.0 samp/s  13 ms/samp  ETA: 192s
  [ 40.0%] batch  124/312  loss: 0.5285  acc: 89.1%  73.0 samp/s  14 ms/samp  ETA: 164s
  [ 49.9%] batch  155/312  loss: 0.3440  acc: 95.3%  73.0 samp/s  13 ms/samp  ETA: 137s
  [ 59.8%] batch  186/312  loss: 0.4930  acc: 92.2%  73.3 samp/s  13 ms/samp  ETA: 110s
  [ 69.8%] batch  217/312  loss: 0.3384  acc: 92.2%  73.5 samp/s  13 ms/samp  ETA: 82s
  [ 79.7%] batch  248/312  loss: 0.3963  acc: 92.2%  73.9 samp/s  13 ms/samp  ETA: 55s
  [ 89.6%] batch  279/312  loss: 0.5715  acc: 90.6%  74.1 samp/s  13 ms/samp  ETA: 28s
  [ 99.5%] batch  310/312  loss: 0.4997  acc: 93.8%  74.3 samp/s  13 ms/samp  ETA: 1s
  [100.0%] batch  312/312  loss: 0.2454  acc: 93.8%  74.2 samp/s  24 ms/samp  ETA: 0s
  train done in 269.7s  avg loss: 0.4211
  evaluating 5000 samples...
  eval done in 29.5s  (169.6 samp/s)
  EPOCH 6/10  train_loss=0.4211  test_loss=0.6581  acc=88.0%  lr=4.13e-05  epoch_time=299s  ETA=1197s  total=1900s
  Checkpoint saved → /root/artifacts/study.16-e-prop/cc702163/checkpoint.pt

============================================================
Epoch 7/10
  [  0.3%] batch    0/312  loss: 0.4551  acc: 95.3%  72.0 samp/s  14 ms/samp  ETA: 277s
  [ 10.2%] batch   31/312  loss: 0.3875  acc: 95.3%  75.6 samp/s  13 ms/samp  ETA: 238s
  [ 20.2%] batch   62/312  loss: 0.4291  acc: 93.8%  75.3 samp/s  13 ms/samp  ETA: 212s
  [ 30.1%] batch   93/312  loss: 0.4242  acc: 93.8%  75.2 samp/s  14 ms/samp  ETA: 186s
  [ 40.0%] batch  124/312  loss: 0.2128  acc: 96.9%  75.0 samp/s  14 ms/samp  ETA: 160s
  [ 49.9%] batch  155/312  loss: 0.3154  acc: 89.1%  74.8 samp/s  13 ms/samp  ETA: 134s
  [ 59.8%] batch  186/312  loss: 0.6682  acc: 93.8%  74.6 samp/s  13 ms/samp  ETA: 108s
  [ 69.8%] batch  217/312  loss: 0.3622  acc: 95.3%  74.5 samp/s  14 ms/samp  ETA: 81s
  [ 79.7%] batch  248/312  loss: 0.3832  acc: 93.8%  74.3 samp/s  13 ms/samp  ETA: 55s
  [ 89.6%] batch  279/312  loss: 0.3316  acc: 98.4%  74.2 samp/s  14 ms/samp  ETA: 28s
  [ 99.5%] batch  310/312  loss: 0.2565  acc: 92.2%  74.0 samp/s  14 ms/samp  ETA: 1s
  [100.0%] batch  312/312  loss: 0.5350  acc: 90.6%  73.9 samp/s  24 ms/samp  ETA: 0s
  train done in 270.5s  avg loss: 0.3657
  evaluating 5000 samples...
  eval done in 30.9s  (162.0 samp/s)
  EPOCH 7/10  train_loss=0.3657  test_loss=0.6339  acc=88.1%  lr=2.50e-05  epoch_time=301s  ETA=904s  total=2205s
  Checkpoint saved → /root/artifacts/study.16-e-prop/cc702163/checkpoint.pt

============================================================
Epoch 8/10
  [  0.3%] batch    0/312  loss: 0.3759  acc: 96.9%  71.8 samp/s  14 ms/samp  ETA: 278s
  [ 10.2%] batch   31/312  loss: 0.3865  acc: 93.8%  73.3 samp/s  13 ms/samp  ETA: 245s
  [ 20.2%] batch   62/312  loss: 0.5297  acc: 92.2%  72.9 samp/s  14 ms/samp  ETA: 219s
  [ 30.1%] batch   93/312  loss: 0.2771  acc: 95.3%  72.9 samp/s  13 ms/samp  ETA: 192s
  [ 40.0%] batch  124/312  loss: 0.3237  acc: 96.9%  73.0 samp/s  14 ms/samp  ETA: 164s
  [ 49.9%] batch  155/312  loss: 0.2817  acc: 93.8%  73.1 samp/s  13 ms/samp  ETA: 137s
  [ 59.8%] batch  186/312  loss: 0.3150  acc: 93.8%  73.0 samp/s  13 ms/samp  ETA: 110s
  [ 69.8%] batch  217/312  loss: 0.2682  acc: 93.8%  73.0 samp/s  14 ms/samp  ETA: 83s
  [ 79.7%] batch  248/312  loss: 0.2740  acc: 95.3%  73.0 samp/s  14 ms/samp  ETA: 56s
  [ 89.6%] batch  279/312  loss: 0.4018  acc: 95.3%  73.1 samp/s  13 ms/samp  ETA: 28s
  [ 99.5%] batch  310/312  loss: 0.4276  acc: 90.6%  73.2 samp/s  13 ms/samp  ETA: 1s
  [100.0%] batch  312/312  loss: 0.2022  acc: 100.0%  73.1 samp/s  24 ms/samp  ETA: 0s
  train done in 273.6s  avg loss: 0.3202
  evaluating 5000 samples...
  eval done in 30.1s  (166.2 samp/s)
  EPOCH 8/10  train_loss=0.3202  test_loss=0.5908  acc=88.4%  lr=1.17e-05  epoch_time=304s  ETA=607s  total=2512s
  Checkpoint saved → /root/artifacts/study.16-e-prop/cc702163/checkpoint.pt

============================================================
Epoch 9/10
  [  0.3%] batch    0/312  loss: 0.1938  acc: 96.9%  72.9 samp/s  14 ms/samp  ETA: 274s
  [ 10.2%] batch   31/312  loss: 0.3534  acc: 93.8%  75.0 samp/s  13 ms/samp  ETA: 240s
  [ 20.2%] batch   62/312  loss: 0.1924  acc: 98.4%  74.7 samp/s  14 ms/samp  ETA: 214s
  [ 30.1%] batch   93/312  loss: 0.2261  acc: 98.4%  74.6 samp/s  13 ms/samp  ETA: 187s
  [ 40.0%] batch  124/312  loss: 0.1580  acc: 100.0%  74.7 samp/s  13 ms/samp  ETA: 161s
  [ 49.9%] batch  155/312  loss: 0.3041  acc: 92.2%  74.5 samp/s  13 ms/samp  ETA: 134s
  [ 59.8%] batch  186/312  loss: 0.3431  acc: 90.6%  74.5 samp/s  13 ms/samp  ETA: 108s
  [ 69.8%] batch  217/312  loss: 0.3465  acc: 95.3%  74.5 samp/s  13 ms/samp  ETA: 81s
  [ 79.7%] batch  248/312  loss: 0.2242  acc: 98.4%  74.5 samp/s  13 ms/samp  ETA: 55s
  [ 89.6%] batch  279/312  loss: 0.3419  acc: 95.3%  74.6 samp/s  13 ms/samp  ETA: 28s
  [ 99.5%] batch  310/312  loss: 0.2218  acc: 95.3%  74.7 samp/s  13 ms/samp  ETA: 1s
  [100.0%] batch  312/312  loss: 0.2393  acc: 100.0%  74.6 samp/s  24 ms/samp  ETA: 0s
  train done in 268.0s  avg loss: 0.2860
  evaluating 5000 samples...
  eval done in 28.8s  (173.3 samp/s)
  EPOCH 9/10  train_loss=0.2860  test_loss=0.5455  acc=89.3%  lr=3.02e-06  epoch_time=297s  ETA=297s  total=2812s
  Checkpoint saved → /root/artifacts/study.16-e-prop/cc702163/checkpoint.pt

============================================================
Epoch 10/10
  [  0.3%] batch    0/312  loss: 0.3706  acc: 92.2%  69.6 samp/s  14 ms/samp  ETA: 287s
  [ 10.2%] batch   31/312  loss: 0.1996  acc: 98.4%  74.2 samp/s  14 ms/samp  ETA: 242s
  [ 20.2%] batch   62/312  loss: 0.1362  acc: 98.4%  74.0 samp/s  14 ms/samp  ETA: 216s
  [ 30.1%] batch   93/312  loss: 0.3798  acc: 92.2%  74.2 samp/s  13 ms/samp  ETA: 188s
  [ 40.0%] batch  124/312  loss: 0.2694  acc: 95.3%  74.2 samp/s  13 ms/samp  ETA: 162s
  [ 49.9%] batch  155/312  loss: 0.2845  acc: 96.9%  74.4 samp/s  13 ms/samp  ETA: 135s
  [ 59.8%] batch  186/312  loss: 0.2335  acc: 95.3%  74.4 samp/s  13 ms/samp  ETA: 108s
  [ 69.8%] batch  217/312  loss: 0.2193  acc: 95.3%  74.5 samp/s  14 ms/samp  ETA: 81s
  [ 79.7%] batch  248/312  loss: 0.2223  acc: 96.9%  74.6 samp/s  13 ms/samp  ETA: 54s
  [ 89.6%] batch  279/312  loss: 0.4105  acc: 85.9%  74.7 samp/s  13 ms/samp  ETA: 28s
  [ 99.5%] batch  310/312  loss: 0.3086  acc: 95.3%  74.9 samp/s  13 ms/samp  ETA: 1s
  [100.0%] batch  312/312  loss: 0.2959  acc: 96.9%  74.8 samp/s  24 ms/samp  ETA: 0s
  train done in 267.5s  avg loss: 0.2705
  evaluating 5000 samples...
  eval done in 28.4s  (175.9 samp/s)
  EPOCH 10/10  train_loss=0.2705  test_loss=0.5372  acc=89.0%  lr=0.00e+00  epoch_time=296s  ETA=0s  total=3111s
  Checkpoint saved → /root/artifacts/study.16-e-prop/cc702163/checkpoint.pt
Checkpoint removed (training complete).

Per-class accuracy:
  digit 0:  95.2%  (438/460)
  digit 1:  97.0%  (554/571)
  digit 2:  87.4%  (463/530)
  digit 3:  88.6%  (443/500)
  digit 4:  90.2%  (451/500)
  digit 5:  83.1%  (379/456)
  digit 6:  91.8%  (424/462)
  digit 7:  87.5%  (448/512)
  digit 8:  79.6%  (389/489)
  digit 9:  87.9%  (457/520)

Collecting canonical samples for raster plots...

Input scale: 3.0 (fixed)
  digit 0: input_spikes=87258  E_hid_spikes=261  E_out_spikes=16
  digit 1: input_spikes=23364  E_hid_spikes=42  E_out_spikes=5
  digit 2: input_spikes=67890  E_hid_spikes=64  E_out_spikes=12
  digit 3: input_spikes=83244  E_hid_spikes=45  E_out_spikes=0
  digit 4: input_spikes=45087  E_hid_spikes=35  E_out_spikes=5
  digit 5: input_spikes=72213  E_hid_spikes=198  E_out_spikes=15
  digit 6: input_spikes=65100  E_hid_spikes=21  E_out_spikes=0
  digit 7: input_spikes=43473  E_hid_spikes=347  E_out_spikes=12
  digit 8: input_spikes=75852  E_hid_spikes=59  E_out_spikes=7
  digit 9: input_spikes=49611  E_hid_spikes=40  E_out_spikes=5
