image | ping on mnist
────────────────────────────────────────
Data
  dataset:         mnist
  digit:           0
  sample:          0

Simulation
  dt:              0.25 ms
  t_ms:            400.0
  input_rate:      50.0 Hz
  input:           dataset
  burn_in:         ? ms

Network
  model:           ping
  hidden_sizes:    ?
  dales_law:       True
  ei_strength:     1.5
  ei_ratio:        2.0

Weights
  w_in:            [1.5, 0.3]

Output
  wipe_dir:        False

Provenance
  git_sha:         d8276f4 (dirty)
  device:          mps
  run_id:          r-20260605-134740
  started_at:      2026-06-05T13:47:40

────────────────────────────────────────
Device: cpu
image | dataset d0s0
  E=  3 I= 22 CV=2.11 act= 50% f0= 20
  → /Users/eoin/pinglab/src/artifacts/oscilloscope/snapshot.png
  → /Users/eoin/pinglab/src/artifacts/oscilloscope/snapshot.npz
Done in 0m 0s.
